#
# There is insufficient memory for the Java Runtime Environment to continue.
# Native memory allocation (malloc) failed to allocate 32744 bytes for ChunkPool::allocate
# Possible reasons:
#   The system is out of physical RAM or swap space
#   The process is running with CompressedOops enabled, and the Java Heap may be blocking the growth of the native heap
# Possible solutions:
#   Reduce memory load on the system
#   Increase physical memory or swap space
#   Check if swap backing store is full
#   Decrease Java heap size (-Xmx/-Xms)
#   Decrease number of Java threads
#   Decrease Java thread stack sizes (-Xss)
#   Set larger code cache with -XX:ReservedCodeCacheSize=
#   JVM is running with Unscaled Compressed Oops mode in which the Java heap is
#     placed in the first 4GB address space. The Java Heap base address is the
#     maximum limit for the native heap growth. Please use -XX:HeapBaseMinAddress
#     to set the Java Heap base and to place the Java Heap above 4GB virtual address.
# This output file may be truncated or incomplete.
#
#  Out of Memory Error (c:/BuildAgent/work/5ff2f6c26000d570/src/hotspot/share/memory/arena.cpp:81), pid=180324, tid=184888
#
# JRE version: OpenJDK Runtime Environment (11.0.4+10) (build 11.0.4+10-b304.69)
# Java VM: OpenJDK 64-Bit Server VM (11.0.4+10-b304.69, mixed mode, tiered, compressed oops, g1 gc, windows-amd64)
# No core dump will be written. Minidumps are not enabled by default on client versions of Windows
#

---------------  S U M M A R Y ------------

Command Line: -XX:TieredStopAtLevel=1 -Xverify:none -Dspring.output.ansi.enabled=always -Dcom.sun.management.jmxremote -Dspring.jmx.enabled=true -Dspring.liveBeansView.mbeanDomain -Dspring.application.admin.enabled=true -javaagent:F:\JetBrains\IntelliJ IDEA 2019.2.2\lib\idea_rt.jar=54336:F:\JetBrains\IntelliJ IDEA 2019.2.2\bin -Dfile.encoding=UTF-8 com.jw.edge.EdgeApplication

Host: Intel(R) Core(TM) i5-8250U CPU @ 1.60GHz, 8 cores, 7G,  Windows 10 , 64 bit Build 18362 (10.0.18362.329)
Time: Mon Dec  9 14:56:20 2019 ?D1¨²¡À¨º¡Á?¨º¡À?? elapsed time: 0 seconds (0d 0h 0m 0s)

---------------  T H R E A D  ---------------

Current thread (0x000002364b26d800):  JavaThread "main" [_thread_in_vm, id=184888, stack(0x0000003df5c00000,0x0000003df5d00000)]

Stack: [0x0000003df5c00000,0x0000003df5d00000]
Native frames: (J=compiled Java code, j=interpreted, Vv=VM code, C=native code)
V  [jvm.dll+0x5db31a]
V  [jvm.dll+0x70c395]
V  [jvm.dll+0x70d8b8]
V  [jvm.dll+0x70df83]
V  [jvm.dll+0x23dbb8]
V  [jvm.dll+0xb944b]
V  [jvm.dll+0xb96fc]
V  [jvm.dll+0x1c83dd]
V  [jvm.dll+0x1c76fe]
V  [jvm.dll+0x6ae6c4]
V  [jvm.dll+0x6afaf8]
V  [jvm.dll+0x6aff15]
V  [jvm.dll+0x6afd23]
V  [jvm.dll+0x237bc7]
V  [jvm.dll+0x175f93]
V  [jvm.dll+0x367624]
C  0x000002364f17f01d

Java frames: (J=compiled Java code, j=interpreted, Vv=VM code)
j  java.lang.invoke.MethodHandles$Lookup.revealDirect(Ljava/lang/invoke/MethodHandle;)Ljava/lang/invoke/MethodHandleInfo;+197 java.base@11.0.4
j  java.lang.invoke.AbstractValidatingLambdaMetafactory.<init>(Ljava/lang/invoke/MethodHandles$Lookup;Ljava/lang/invoke/MethodType;Ljava/lang/String;Ljava/lang/invoke/MethodType;Ljava/lang/invoke/MethodHandle;Ljava/lang/invoke/MethodType;Z[Ljava/lang/Class;[Ljava/lang/invoke/MethodType;)V+91 java.base@11.0.4
j  java.lang.invoke.InnerClassLambdaMetafactory.<init>(Ljava/lang/invoke/MethodHandles$Lookup;Ljava/lang/invoke/MethodType;Ljava/lang/String;Ljava/lang/invoke/MethodType;Ljava/lang/invoke/MethodHandle;Ljava/lang/invoke/MethodType;Z[Ljava/lang/Class;[Ljava/lang/invoke/MethodType;)V+16 java.base@11.0.4
j  java.lang.invoke.LambdaMetafactory.metafactory(Ljava/lang/invoke/MethodHandles$Lookup;Ljava/lang/String;Ljava/lang/invoke/MethodType;Ljava/lang/invoke/MethodType;Ljava/lang/invoke/MethodHandle;Ljava/lang/invoke/MethodType;)Ljava/lang/invoke/CallSite;+19 java.base@11.0.4
j  java.lang.invoke.DirectMethodHandle$Holder.invokeStatic(Ljava/lang/Object;Ljava/lang/Object;Ljava/lang/Object;Ljava/lang/Object;Ljava/lang/Object;Ljava/lang/Object;Ljava/lang/Object;)Ljava/lang/Object;+20 java.base@11.0.4
j  java.lang.invoke.Invokers$Holder.invokeExact_MT(Ljava/lang/Object;Ljava/lang/Object;Ljava/lang/Object;Ljava/lang/Object;Ljava/lang/Object;Ljava/lang/Object;Ljava/lang/Object;Ljava/lang/Object;)Ljava/lang/Object;+28 java.base@11.0.4
j  java.lang.invoke.BootstrapMethodInvoker.invoke(Ljava/lang/Class;Ljava/lang/invoke/MethodHandle;Ljava/lang/String;Ljava/lang/Object;Ljava/lang/Object;Ljava/lang/Class;)Ljava/lang/Object;+262 java.base@11.0.4
j  java.lang.invoke.CallSite.makeSite(Ljava/lang/invoke/MethodHandle;Ljava/lang/String;Ljava/lang/invoke/MethodType;Ljava/lang/Object;Ljava/lang/Class;)Ljava/lang/invoke/CallSite;+8 java.base@11.0.4
j  java.lang.invoke.MethodHandleNatives.linkCallSiteImpl(Ljava/lang/Class;Ljava/lang/invoke/MethodHandle;Ljava/lang/String;Ljava/lang/invoke/MethodType;Ljava/lang/Object;[Ljava/lang/Object;)Ljava/lang/invoke/MemberName;+6 java.base@11.0.4
j  java.lang.invoke.MethodHandleNatives.linkCallSite(Ljava/lang/Object;ILjava/lang/Object;Ljava/lang/Object;Ljava/lang/Object;Ljava/lang/Object;[Ljava/lang/Object;)Ljava/lang/invoke/MemberName;+46 java.base@11.0.4
v  ~StubRoutines::call_stub
j  jdk.internal.module.DefaultRoots.compute(Ljava/lang/module/ModuleFinder;Ljava/lang/module/ModuleFinder;)Ljava/util/Set;+11 java.base@11.0.4
j  jdk.internal.module.ModuleBootstrap.boot()Ljava/lang/ModuleLayer;+628 java.base@11.0.4
j  java.lang.System.initPhase2(ZZ)I+0 java.base@11.0.4
v  ~StubRoutines::call_stub

---------------  P R O C E S S  ---------------

Threads class SMR info:
_java_thread_list=0x0000023666ab5910, length=7, elements={
0x000002364b26d800, 0x000002366621b800, 0x0000023666a53800, 0x000002366624e000,
0x0000023666aaf800, 0x0000023666ab1800, 0x0000023666ab4800
}

Java Threads: ( => current thread )
=>0x000002364b26d800 JavaThread "main" [_thread_in_vm, id=184888, stack(0x0000003df5c00000,0x0000003df5d00000)]
  0x000002366621b800 JavaThread "Reference Handler" daemon [_thread_blocked, id=184424, stack(0x0000003df6300000,0x0000003df6400000)]
  0x0000023666a53800 JavaThread "Finalizer" daemon [_thread_blocked, id=180708, stack(0x0000003df6400000,0x0000003df6500000)]
  0x000002366624e000 JavaThread "Signal Dispatcher" daemon [_thread_blocked, id=177456, stack(0x0000003df6500000,0x0000003df6600000)]
  0x0000023666aaf800 JavaThread "Attach Listener" daemon [_thread_blocked, id=169336, stack(0x0000003df6600000,0x0000003df6700000)]
  0x0000023666ab1800 JavaThread "C1 CompilerThread0" daemon [_thread_blocked, id=152268, stack(0x0000003df6700000,0x0000003df6800000)]
  0x0000023666ab4800 JavaThread "Sweeper thread" daemon [_thread_blocked, id=183940, stack(0x0000003df6800000,0x0000003df6900000)]

Other Threads:
  0x0000023666219800 VMThread "VM Thread" [stack: 0x0000003df6200000,0x0000003df6300000] [id=168384]
  0x000002364b284800 GCTaskThread "GC Thread#0" [stack: 0x0000003df5d00000,0x0000003df5e00000] [id=167364]
  0x000002364b2b5800 ConcurrentGCThread "G1 Main Marker" [stack: 0x0000003df5e00000,0x0000003df5f00000] [id=161708]
  0x000002364b2b7000 ConcurrentGCThread "G1 Conc#0" [stack: 0x0000003df5f00000,0x0000003df6000000] [id=183112]
  0x000002364b32e000 ConcurrentGCThread "G1 Refine#0" [stack: 0x0000003df6000000,0x0000003df6100000] [id=182936]
  0x0000023666080800 ConcurrentGCThread "G1 Young RemSet Sampling" [stack: 0x0000003df6100000,0x0000003df6200000] [id=184952]

Threads with active compile tasks:

VM state:not at safepoint (normal execution)

VM Mutex/Monitor currently owned by a thread: None

Heap address: 0x0000000081600000, size: 2026 MB, Compressed Oops mode: 32-bit
Narrow klass base: 0x0000000000000000, Narrow klass shift: 3
Compressed class space size: 1073741824 Address: 0x0000000100000000

Heap:
 garbage-first heap   total 131072K, used 1024K [0x0000000081600000, 0x0000000100000000)
  region size 1024K, 2 young (2048K), 0 survivors (0K)
 Metaspace       used 3838K, capacity 4480K, committed 4480K, reserved 1056768K
  class space    used 313K, capacity 384K, committed 384K, reserved 1048576K
Heap Regions: E=young(eden), S=young(survivor), O=old, HS=humongous(starts), HC=humongous(continues), CS=collection set, F=free, A=archive, TAMS=top-at-mark-start (previous, next)
|   0|0x0000000081600000, 0x0000000081600000, 0x0000000081700000|  0%| F|  |TAMS 0x0000000081600000, 0x0000000081600000| Untracked 
|   1|0x0000000081700000, 0x0000000081700000, 0x0000000081800000|  0%| F|  |TAMS 0x0000000081700000, 0x0000000081700000| Untracked 
|   2|0x0000000081800000, 0x0000000081800000, 0x0000000081900000|  0%| F|  |TAMS 0x0000000081800000, 0x0000000081800000| Untracked 
|   3|0x0000000081900000, 0x0000000081900000, 0x0000000081a00000|  0%| F|  |TAMS 0x0000000081900000, 0x0000000081900000| Untracked 
|   4|0x0000000081a00000, 0x0000000081a00000, 0x0000000081b00000|  0%| F|  |TAMS 0x0000000081a00000, 0x0000000081a00000| Untracked 
|   5|0x0000000081b00000, 0x0000000081b00000, 0x0000000081c00000|  0%| F|  |TAMS 0x0000000081b00000, 0x0000000081b00000| Untracked 
|   6|0x0000000081c00000, 0x0000000081c00000, 0x0000000081d00000|  0%| F|  |TAMS 0x0000000081c00000, 0x0000000081c00000| Untracked 
|   7|0x0000000081d00000, 0x0000000081d00000, 0x0000000081e00000|  0%| F|  |TAMS 0x0000000081d00000, 0x0000000081d00000| Untracked 
|   8|0x0000000081e00000, 0x0000000081e00000, 0x0000000081f00000|  0%| F|  |TAMS 0x0000000081e00000, 0x0000000081e00000| Untracked 
|   9|0x0000000081f00000, 0x0000000081f00000, 0x0000000082000000|  0%| F|  |TAMS 0x0000000081f00000, 0x0000000081f00000| Untracked 
|  10|0x0000000082000000, 0x0000000082000000, 0x0000000082100000|  0%| F|  |TAMS 0x0000000082000000, 0x0000000082000000| Untracked 
|  11|0x0000000082100000, 0x0000000082100000, 0x0000000082200000|  0%| F|  |TAMS 0x0000000082100000, 0x0000000082100000| Untracked 
|  12|0x0000000082200000, 0x0000000082200000, 0x0000000082300000|  0%| F|  |TAMS 0x0000000082200000, 0x0000000082200000| Untracked 
|  13|0x0000000082300000, 0x0000000082300000, 0x0000000082400000|  0%| F|  |TAMS 0x0000000082300000, 0x0000000082300000| Untracked 
|  14|0x0000000082400000, 0x0000000082400000, 0x0000000082500000|  0%| F|  |TAMS 0x0000000082400000, 0x0000000082400000| Untracked 
|  15|0x0000000082500000, 0x0000000082500000, 0x0000000082600000|  0%| F|  |TAMS 0x0000000082500000, 0x0000000082500000| Untracked 
|  16|0x0000000082600000, 0x0000000082600000, 0x0000000082700000|  0%| F|  |TAMS 0x0000000082600000, 0x0000000082600000| Untracked 
|  17|0x0000000082700000, 0x0000000082700000, 0x0000000082800000|  0%| F|  |TAMS 0x0000000082700000, 0x0000000082700000| Untracked 
|  18|0x0000000082800000, 0x0000000082800000, 0x0000000082900000|  0%| F|  |TAMS 0x0000000082800000, 0x0000000082800000| Untracked 
|  19|0x0000000082900000, 0x0000000082900000, 0x0000000082a00000|  0%| F|  |TAMS 0x0000000082900000, 0x0000000082900000| Untracked 
|  20|0x0000000082a00000, 0x0000000082a00000, 0x0000000082b00000|  0%| F|  |TAMS 0x0000000082a00000, 0x0000000082a00000| Untracked 
|  21|0x0000000082b00000, 0x0000000082b00000, 0x0000000082c00000|  0%| F|  |TAMS 0x0000000082b00000, 0x0000000082b00000| Untracked 
|  22|0x0000000082c00000, 0x0000000082c00000, 0x0000000082d00000|  0%| F|  |TAMS 0x0000000082c00000, 0x0000000082c00000| Untracked 
|  23|0x0000000082d00000, 0x0000000082d00000, 0x0000000082e00000|  0%| F|  |TAMS 0x0000000082d00000, 0x0000000082d00000| Untracked 
|  24|0x0000000082e00000, 0x0000000082e00000, 0x0000000082f00000|  0%| F|  |TAMS 0x0000000082e00000, 0x0000000082e00000| Untracked 
|  25|0x0000000082f00000, 0x0000000082f00000, 0x0000000083000000|  0%| F|  |TAMS 0x0000000082f00000, 0x0000000082f00000| Untracked 
|  26|0x0000000083000000, 0x0000000083000000, 0x0000000083100000|  0%| F|  |TAMS 0x0000000083000000, 0x0000000083000000| Untracked 
|  27|0x0000000083100000, 0x0000000083100000, 0x0000000083200000|  0%| F|  |TAMS 0x0000000083100000, 0x0000000083100000| Untracked 
|  28|0x0000000083200000, 0x0000000083200000, 0x0000000083300000|  0%| F|  |TAMS 0x0000000083200000, 0x0000000083200000| Untracked 
|  29|0x0000000083300000, 0x0000000083300000, 0x0000000083400000|  0%| F|  |TAMS 0x0000000083300000, 0x0000000083300000| Untracked 
|  30|0x0000000083400000, 0x0000000083400000, 0x0000000083500000|  0%| F|  |TAMS 0x0000000083400000, 0x0000000083400000| Untracked 
|  31|0x0000000083500000, 0x0000000083500000, 0x0000000083600000|  0%| F|  |TAMS 0x0000000083500000, 0x0000000083500000| Untracked 
|  32|0x0000000083600000, 0x0000000083600000, 0x0000000083700000|  0%| F|  |TAMS 0x0000000083600000, 0x0000000083600000| Untracked 
|  33|0x0000000083700000, 0x0000000083700000, 0x0000000083800000|  0%| F|  |TAMS 0x0000000083700000, 0x0000000083700000| Untracked 
|  34|0x0000000083800000, 0x0000000083800000, 0x0000000083900000|  0%| F|  |TAMS 0x0000000083800000, 0x0000000083800000| Untracked 
|  35|0x0000000083900000, 0x0000000083900000, 0x0000000083a00000|  0%| F|  |TAMS 0x0000000083900000, 0x0000000083900000| Untracked 
|  36|0x0000000083a00000, 0x0000000083a00000, 0x0000000083b00000|  0%| F|  |TAMS 0x0000000083a00000, 0x0000000083a00000| Untracked 
|  37|0x0000000083b00000, 0x0000000083b00000, 0x0000000083c00000|  0%| F|  |TAMS 0x0000000083b00000, 0x0000000083b00000| Untracked 
|  38|0x0000000083c00000, 0x0000000083c00000, 0x0000000083d00000|  0%| F|  |TAMS 0x0000000083c00000, 0x0000000083c00000| Untracked 
|  39|0x0000000083d00000, 0x0000000083d00000, 0x0000000083e00000|  0%| F|  |TAMS 0x0000000083d00000, 0x0000000083d00000| Untracked 
|  40|0x0000000083e00000, 0x0000000083e00000, 0x0000000083f00000|  0%| F|  |TAMS 0x0000000083e00000, 0x0000000083e00000| Untracked 
|  41|0x0000000083f00000, 0x0000000083f00000, 0x0000000084000000|  0%| F|  |TAMS 0x0000000083f00000, 0x0000000083f00000| Untracked 
|  42|0x0000000084000000, 0x0000000084000000, 0x0000000084100000|  0%| F|  |TAMS 0x0000000084000000, 0x0000000084000000| Untracked 
|  43|0x0000000084100000, 0x0000000084100000, 0x0000000084200000|  0%| F|  |TAMS 0x0000000084100000, 0x0000000084100000| Untracked 
|  44|0x0000000084200000, 0x0000000084200000, 0x0000000084300000|  0%| F|  |TAMS 0x0000000084200000, 0x0000000084200000| Untracked 
|  45|0x0000000084300000, 0x0000000084300000, 0x0000000084400000|  0%| F|  |TAMS 0x0000000084300000, 0x0000000084300000| Untracked 
|  46|0x0000000084400000, 0x0000000084400000, 0x0000000084500000|  0%| F|  |TAMS 0x0000000084400000, 0x0000000084400000| Untracked 
|  47|0x0000000084500000, 0x0000000084500000, 0x0000000084600000|  0%| F|  |TAMS 0x0000000084500000, 0x0000000084500000| Untracked 
|  48|0x0000000084600000, 0x0000000084600000, 0x0000000084700000|  0%| F|  |TAMS 0x0000000084600000, 0x0000000084600000| Untracked 
|  49|0x0000000084700000, 0x0000000084700000, 0x0000000084800000|  0%| F|  |TAMS 0x0000000084700000, 0x0000000084700000| Untracked 
|  50|0x0000000084800000, 0x0000000084800000, 0x0000000084900000|  0%| F|  |TAMS 0x0000000084800000, 0x0000000084800000| Untracked 
|  51|0x0000000084900000, 0x0000000084900000, 0x0000000084a00000|  0%| F|  |TAMS 0x0000000084900000, 0x0000000084900000| Untracked 
|  52|0x0000000084a00000, 0x0000000084a00000, 0x0000000084b00000|  0%| F|  |TAMS 0x0000000084a00000, 0x0000000084a00000| Untracked 
|  53|0x0000000084b00000, 0x0000000084b00000, 0x0000000084c00000|  0%| F|  |TAMS 0x0000000084b00000, 0x0000000084b00000| Untracked 
|  54|0x0000000084c00000, 0x0000000084c00000, 0x0000000084d00000|  0%| F|  |TAMS 0x0000000084c00000, 0x0000000084c00000| Untracked 
|  55|0x0000000084d00000, 0x0000000084d00000, 0x0000000084e00000|  0%| F|  |TAMS 0x0000000084d00000, 0x0000000084d00000| Untracked 
|  56|0x0000000084e00000, 0x0000000084e00000, 0x0000000084f00000|  0%| F|  |TAMS 0x0000000084e00000, 0x0000000084e00000| Untracked 
|  57|0x0000000084f00000, 0x0000000084f00000, 0x0000000085000000|  0%| F|  |TAMS 0x0000000084f00000, 0x0000000084f00000| Untracked 
|  58|0x0000000085000000, 0x0000000085000000, 0x0000000085100000|  0%| F|  |TAMS 0x0000000085000000, 0x0000000085000000| Untracked 
|  59|0x0000000085100000, 0x0000000085100000, 0x0000000085200000|  0%| F|  |TAMS 0x0000000085100000, 0x0000000085100000| Untracked 
|  60|0x0000000085200000, 0x0000000085200000, 0x0000000085300000|  0%| F|  |TAMS 0x0000000085200000, 0x0000000085200000| Untracked 
|  61|0x0000000085300000, 0x0000000085300000, 0x0000000085400000|  0%| F|  |TAMS 0x0000000085300000, 0x0000000085300000| Untracked 
|  62|0x0000000085400000, 0x0000000085400000, 0x0000000085500000|  0%| F|  |TAMS 0x0000000085400000, 0x0000000085400000| Untracked 
|  63|0x0000000085500000, 0x0000000085500000, 0x0000000085600000|  0%| F|  |TAMS 0x0000000085500000, 0x0000000085500000| Untracked 
|  64|0x0000000085600000, 0x0000000085600000, 0x0000000085700000|  0%| F|  |TAMS 0x0000000085600000, 0x0000000085600000| Untracked 
|  65|0x0000000085700000, 0x0000000085700000, 0x0000000085800000|  0%| F|  |TAMS 0x0000000085700000, 0x0000000085700000| Untracked 
|  66|0x0000000085800000, 0x0000000085800000, 0x0000000085900000|  0%| F|  |TAMS 0x0000000085800000, 0x0000000085800000| Untracked 
|  67|0x0000000085900000, 0x0000000085900000, 0x0000000085a00000|  0%| F|  |TAMS 0x0000000085900000, 0x0000000085900000| Untracked 
|  68|0x0000000085a00000, 0x0000000085a00000, 0x0000000085b00000|  0%| F|  |TAMS 0x0000000085a00000, 0x0000000085a00000| Untracked 
|  69|0x0000000085b00000, 0x0000000085b00000, 0x0000000085c00000|  0%| F|  |TAMS 0x0000000085b00000, 0x0000000085b00000| Untracked 
|  70|0x0000000085c00000, 0x0000000085c00000, 0x0000000085d00000|  0%| F|  |TAMS 0x0000000085c00000, 0x0000000085c00000| Untracked 
|  71|0x0000000085d00000, 0x0000000085d00000, 0x0000000085e00000|  0%| F|  |TAMS 0x0000000085d00000, 0x0000000085d00000| Untracked 
|  72|0x0000000085e00000, 0x0000000085e00000, 0x0000000085f00000|  0%| F|  |TAMS 0x0000000085e00000, 0x0000000085e00000| Untracked 
|  73|0x0000000085f00000, 0x0000000085f00000, 0x0000000086000000|  0%| F|  |TAMS 0x0000000085f00000, 0x0000000085f00000| Untracked 
|  74|0x0000000086000000, 0x0000000086000000, 0x0000000086100000|  0%| F|  |TAMS 0x0000000086000000, 0x0000000086000000| Untracked 
|  75|0x0000000086100000, 0x0000000086100000, 0x0000000086200000|  0%| F|  |TAMS 0x0000000086100000, 0x0000000086100000| Untracked 
|  76|0x0000000086200000, 0x0000000086200000, 0x0000000086300000|  0%| F|  |TAMS 0x0000000086200000, 0x0000000086200000| Untracked 
|  77|0x0000000086300000, 0x0000000086300000, 0x0000000086400000|  0%| F|  |TAMS 0x0000000086300000, 0x0000000086300000| Untracked 
|  78|0x0000000086400000, 0x0000000086400000, 0x0000000086500000|  0%| F|  |TAMS 0x0000000086400000, 0x0000000086400000| Untracked 
|  79|0x0000000086500000, 0x0000000086500000, 0x0000000086600000|  0%| F|  |TAMS 0x0000000086500000, 0x0000000086500000| Untracked 
|  80|0x0000000086600000, 0x0000000086600000, 0x0000000086700000|  0%| F|  |TAMS 0x0000000086600000, 0x0000000086600000| Untracked 
|  81|0x0000000086700000, 0x0000000086700000, 0x0000000086800000|  0%| F|  |TAMS 0x0000000086700000, 0x0000000086700000| Untracked 
|  82|0x0000000086800000, 0x0000000086800000, 0x0000000086900000|  0%| F|  |TAMS 0x0000000086800000, 0x0000000086800000| Untracked 
|  83|0x0000000086900000, 0x0000000086900000, 0x0000000086a00000|  0%| F|  |TAMS 0x0000000086900000, 0x0000000086900000| Untracked 
|  84|0x0000000086a00000, 0x0000000086a00000, 0x0000000086b00000|  0%| F|  |TAMS 0x0000000086a00000, 0x0000000086a00000| Untracked 
|  85|0x0000000086b00000, 0x0000000086b00000, 0x0000000086c00000|  0%| F|  |TAMS 0x0000000086b00000, 0x0000000086b00000| Untracked 
|  86|0x0000000086c00000, 0x0000000086c00000, 0x0000000086d00000|  0%| F|  |TAMS 0x0000000086c00000, 0x0000000086c00000| Untracked 
|  87|0x0000000086d00000, 0x0000000086d00000, 0x0000000086e00000|  0%| F|  |TAMS 0x0000000086d00000, 0x0000000086d00000| Untracked 
|  88|0x0000000086e00000, 0x0000000086e00000, 0x0000000086f00000|  0%| F|  |TAMS 0x0000000086e00000, 0x0000000086e00000| Untracked 
|  89|0x0000000086f00000, 0x0000000086f00000, 0x0000000087000000|  0%| F|  |TAMS 0x0000000086f00000, 0x0000000086f00000| Untracked 
|  90|0x0000000087000000, 0x0000000087000000, 0x0000000087100000|  0%| F|  |TAMS 0x0000000087000000, 0x0000000087000000| Untracked 
|  91|0x0000000087100000, 0x0000000087100000, 0x0000000087200000|  0%| F|  |TAMS 0x0000000087100000, 0x0000000087100000| Untracked 
|  92|0x0000000087200000, 0x0000000087200000, 0x0000000087300000|  0%| F|  |TAMS 0x0000000087200000, 0x0000000087200000| Untracked 
|  93|0x0000000087300000, 0x0000000087300000, 0x0000000087400000|  0%| F|  |TAMS 0x0000000087300000, 0x0000000087300000| Untracked 
|  94|0x0000000087400000, 0x0000000087400000, 0x0000000087500000|  0%| F|  |TAMS 0x0000000087400000, 0x0000000087400000| Untracked 
|  95|0x0000000087500000, 0x0000000087500000, 0x0000000087600000|  0%| F|  |TAMS 0x0000000087500000, 0x0000000087500000| Untracked 
|  96|0x0000000087600000, 0x0000000087600000, 0x0000000087700000|  0%| F|  |TAMS 0x0000000087600000, 0x0000000087600000| Untracked 
|  97|0x0000000087700000, 0x0000000087700000, 0x0000000087800000|  0%| F|  |TAMS 0x0000000087700000, 0x0000000087700000| Untracked 
|  98|0x0000000087800000, 0x0000000087800000, 0x0000000087900000|  0%| F|  |TAMS 0x0000000087800000, 0x0000000087800000| Untracked 
|  99|0x0000000087900000, 0x0000000087900000, 0x0000000087a00000|  0%| F|  |TAMS 0x0000000087900000, 0x0000000087900000| Untracked 
| 100|0x0000000087a00000, 0x0000000087a00000, 0x0000000087b00000|  0%| F|  |TAMS 0x0000000087a00000, 0x0000000087a00000| Untracked 
| 101|0x0000000087b00000, 0x0000000087b00000, 0x0000000087c00000|  0%| F|  |TAMS 0x0000000087b00000, 0x0000000087b00000| Untracked 
| 102|0x0000000087c00000, 0x0000000087c00000, 0x0000000087d00000|  0%| F|  |TAMS 0x0000000087c00000, 0x0000000087c00000| Untracked 
| 103|0x0000000087d00000, 0x0000000087d00000, 0x0000000087e00000|  0%| F|  |TAMS 0x0000000087d00000, 0x0000000087d00000| Untracked 
| 104|0x0000000087e00000, 0x0000000087e00000, 0x0000000087f00000|  0%| F|  |TAMS 0x0000000087e00000, 0x0000000087e00000| Untracked 
| 105|0x0000000087f00000, 0x0000000087f00000, 0x0000000088000000|  0%| F|  |TAMS 0x0000000087f00000, 0x0000000087f00000| Untracked 
| 106|0x0000000088000000, 0x0000000088000000, 0x0000000088100000|  0%| F|  |TAMS 0x0000000088000000, 0x0000000088000000| Untracked 
| 107|0x0000000088100000, 0x0000000088100000, 0x0000000088200000|  0%| F|  |TAMS 0x0000000088100000, 0x0000000088100000| Untracked 
| 108|0x0000000088200000, 0x0000000088200000, 0x0000000088300000|  0%| F|  |TAMS 0x0000000088200000, 0x0000000088200000| Untracked 
| 109|0x0000000088300000, 0x0000000088300000, 0x0000000088400000|  0%| F|  |TAMS 0x0000000088300000, 0x0000000088300000| Untracked 
| 110|0x0000000088400000, 0x0000000088400000, 0x0000000088500000|  0%| F|  |TAMS 0x0000000088400000, 0x0000000088400000| Untracked 
| 111|0x0000000088500000, 0x0000000088500000, 0x0000000088600000|  0%| F|  |TAMS 0x0000000088500000, 0x0000000088500000| Untracked 
| 112|0x0000000088600000, 0x0000000088600000, 0x0000000088700000|  0%| F|  |TAMS 0x0000000088600000, 0x0000000088600000| Untracked 
| 113|0x0000000088700000, 0x0000000088700000, 0x0000000088800000|  0%| F|  |TAMS 0x0000000088700000, 0x0000000088700000| Untracked 
| 114|0x0000000088800000, 0x0000000088800000, 0x0000000088900000|  0%| F|  |TAMS 0x0000000088800000, 0x0000000088800000| Untracked 
| 115|0x0000000088900000, 0x0000000088900000, 0x0000000088a00000|  0%| F|  |TAMS 0x0000000088900000, 0x0000000088900000| Untracked 
| 116|0x0000000088a00000, 0x0000000088a00000, 0x0000000088b00000|  0%| F|  |TAMS 0x0000000088a00000, 0x0000000088a00000| Untracked 
| 117|0x0000000088b00000, 0x0000000088b00000, 0x0000000088c00000|  0%| F|  |TAMS 0x0000000088b00000, 0x0000000088b00000| Untracked 
| 118|0x0000000088c00000, 0x0000000088c00000, 0x0000000088d00000|  0%| F|  |TAMS 0x0000000088c00000, 0x0000000088c00000| Untracked 
| 119|0x0000000088d00000, 0x0000000088d00000, 0x0000000088e00000|  0%| F|  |TAMS 0x0000000088d00000, 0x0000000088d00000| Untracked 
| 120|0x0000000088e00000, 0x0000000088e00000, 0x0000000088f00000|  0%| F|  |TAMS 0x0000000088e00000, 0x0000000088e00000| Untracked 
| 121|0x0000000088f00000, 0x0000000088f00000, 0x0000000089000000|  0%| F|  |TAMS 0x0000000088f00000, 0x0000000088f00000| Untracked 
| 122|0x0000000089000000, 0x0000000089000000, 0x0000000089100000|  0%| F|  |TAMS 0x0000000089000000, 0x0000000089000000| Untracked 
| 123|0x0000000089100000, 0x0000000089100000, 0x0000000089200000|  0%| F|  |TAMS 0x0000000089100000, 0x0000000089100000| Untracked 
| 124|0x0000000089200000, 0x0000000089200000, 0x0000000089300000|  0%| F|  |TAMS 0x0000000089200000, 0x0000000089200000| Untracked 
| 125|0x0000000089300000, 0x0000000089300000, 0x0000000089400000|  0%| F|  |TAMS 0x0000000089300000, 0x0000000089300000| Untracked 
| 126|0x0000000089400000, 0x00000000894f6468, 0x0000000089500000| 96%| E|  |TAMS 0x0000000089400000, 0x0000000089400000| Complete 
| 127|0x0000000089500000, 0x0000000089600000, 0x0000000089600000|100%| E|CS|TAMS 0x0000000089500000, 0x0000000089500000| Complete 

Card table byte_map: [0x000002365efd0000,0x000002365f3d0000] _byte_map_base: 0x000002365ebc5000

Marking Bits (Prev, Next): (CMBitMap*) 0x000002364b2aca88, (CMBitMap*) 0x000002364b2acac0
 Prev Bits: [0x000002365f7d0000, 0x0000023661778000)
 Next Bits: [0x0000023661780000, 0x0000023663728000)

Polling page: 0x0000023649970000

Metaspace:

Usage:
  Non-class:      4.00 MB capacity,     3.44 MB ( 86%) used,   571.27 KB ( 14%) free+waste,    64 bytes ( <1%) overhead. 
      Class:    384.00 KB capacity,   313.89 KB ( 82%) used,    70.05 KB ( 18%) free+waste,    64 bytes ( <1%) overhead. 
       Both:      4.38 MB capacity,     3.75 MB ( 86%) used,   641.32 KB ( 14%) free+waste,   128 bytes ( <1%) overhead. 

Virtual space:
  Non-class space:        8.00 MB reserved,       4.00 MB ( 50%) committed 
      Class space:        1.00 GB reserved,     384.00 KB ( <1%) committed 
             Both:        1.01 GB reserved,       4.38 MB ( <1%) committed 

Chunk freelists:
   Non-Class:  0 bytes
       Class:  0 bytes
        Both:  0 bytes

CodeHeap 'non-profiled nmethods': size=238336Kb used=96Kb max_used=96Kb free=238240Kb
 bounds [0x000002364f8a0000, 0x000002364fb10000, 0x000002365e160000]
CodeHeap 'non-nmethods': size=7424Kb used=1008Kb max_used=1008Kb free=6415Kb
 bounds [0x000002364f160000, 0x000002364f3d0000, 0x000002364f8a0000]
 total_blobs=351 nmethods=75 adapters=187
 compilation: enabled
              stopped_count=0, restarted_count=0
 full_count=0

Compilation events (10 events):
Event: 0.717 Thread 0x0000023666ab1800 nmethod 63 0x000002364f8b3710 code [0x000002364f8b38c0, 0x000002364f8b39f8]
Event: 0.717 Thread 0x0000023666ab1800   65       1       java.util.ImmutableCollections$SetN$SetNIterator::next (47 bytes)
Event: 0.717 Thread 0x0000023666ab1800 nmethod 65 0x000002364f8b3a90 code [0x000002364f8b3c60, 0x000002364f8b3e80]
Event: 0.717 Thread 0x0000023666ab1800   64       1       java.util.ImmutableCollections$SetN$SetNIterator::nextIndex (56 bytes)
Event: 0.718 Thread 0x0000023666ab1800 nmethod 64 0x000002364f8b3f90 code [0x000002364f8b4140, 0x000002364f8b4278]
Event: 0.730 Thread 0x0000023666ab1800   67       1       java.lang.Enum::ordinal (5 bytes)
Event: 0.730 Thread 0x0000023666ab1800 nmethod 67 0x000002364f8b4510 code [0x000002364f8b46c0, 0x000002364f8b47d8]
Event: 0.731 Thread 0x0000023666ab1800   70   !   1       java.util.concurrent.ConcurrentHashMap::putVal (432 bytes)
Event: 0.733 Thread 0x0000023666ab1800 nmethod 70 0x000002364f8b5790 code [0x000002364f8b5a40, 0x000002364f8b6ae0]
Event: 0.733 Thread 0x0000023666ab1800   71       1       java.util.concurrent.ConcurrentHashMap::addCount (289 bytes)

GC Heap History (0 events):
No events

Deoptimization events (0 events):
No events

Classes redefined (0 events):
No events

Internal exceptions (0 events):
No events

Events (10 events):
Event: 0.731 loading class jdk/internal/misc/JavaLangInvokeAccess
Event: 0.731 loading class jdk/internal/misc/JavaLangInvokeAccess done
Event: 0.732 loading class java/lang/invoke/MethodHandleImpl$1 done
Event: 0.732 loading class java/lang/invoke/InnerClassLambdaMetafactory
Event: 0.732 loading class java/lang/invoke/AbstractValidatingLambdaMetafactory
Event: 0.732 loading class java/lang/invoke/AbstractValidatingLambdaMetafactory done
Event: 0.732 loading class java/lang/invoke/InnerClassLambdaMetafactory done
Event: 0.732 loading class jdk/internal/org/objectweb/asm/Type
Event: 0.732 loading class jdk/internal/org/objectweb/asm/Type done
Event: 0.733 loading class java/lang/invoke/InfoFromMemberName


Dynamic libraries:
0x00007ff662940000 - 0x00007ff662987000 	F:\JetBrains\IntelliJ IDEA 2019.2.2\jbr\bin\java.exe
0x00007ffc137e0000 - 0x00007ffc139d0000 	C:\windows\SYSTEM32\ntdll.dll
0x00007ffc13510000 - 0x00007ffc135c2000 	C:\windows\System32\KERNEL32.DLL
0x00007ffc10e60000 - 0x00007ffc11103000 	C:\windows\System32\KERNELBASE.dll
0x00007ffc12420000 - 0x00007ffc125b4000 	C:\windows\System32\USER32.dll
0x00007ffc108c0000 - 0x00007ffc108e1000 	C:\windows\System32\win32u.dll
0x00007ffc129d0000 - 0x00007ffc129f6000 	C:\windows\System32\GDI32.dll
0x00007ffc10970000 - 0x00007ffc10b04000 	C:\windows\System32\gdi32full.dll
0x00007ffc10dc0000 - 0x00007ffc10e5e000 	C:\windows\System32\msvcp_win.dll
0x00007ffc10bb0000 - 0x00007ffc10caa000 	C:\windows\System32\ucrtbase.dll
0x00007ffbf9790000 - 0x00007ffbf9a15000 	C:\windows\WinSxS\amd64_microsoft.windows.common-controls_6595b64144ccf1df_6.0.18362.476_none_e6c4b11b130f2595\COMCTL32.dll
0x00007ffc12260000 - 0x00007ffc122fe000 	C:\windows\System32\msvcrt.dll
0x00007ffc12690000 - 0x00007ffc129c6000 	C:\windows\System32\combase.dll
0x00007ffc12300000 - 0x00007ffc12420000 	C:\windows\System32\RPCRT4.dll
0x00007ffc108f0000 - 0x00007ffc10970000 	C:\windows\System32\bcryptPrimitives.dll
0x00007ffc12d30000 - 0x00007ffc12d5e000 	C:\windows\System32\IMM32.DLL
0x00007ffbf90e0000 - 0x00007ffbf90f7000 	F:\JetBrains\IntelliJ IDEA 2019.2.2\jbr\bin\vcruntime140.dll
0x00007ffbe91a0000 - 0x00007ffbe923d000 	F:\JetBrains\IntelliJ IDEA 2019.2.2\jbr\bin\msvcp140.dll
0x00007ffbd1c00000 - 0x00007ffbd26b8000 	F:\JetBrains\IntelliJ IDEA 2019.2.2\jbr\bin\server\jvm.dll
0x00007ffc11970000 - 0x00007ffc11a13000 	C:\windows\System32\ADVAPI32.dll
0x00007ffc12bc0000 - 0x00007ffc12c57000 	C:\windows\System32\sechost.dll
0x00007ffc12bb0000 - 0x00007ffc12bb8000 	C:\windows\System32\PSAPI.DLL
0x00007ffc08dd0000 - 0x00007ffc08df4000 	C:\windows\SYSTEM32\WINMM.dll
0x00007ffbfa4e0000 - 0x00007ffbfa4e9000 	C:\windows\SYSTEM32\WSOCK32.dll
0x00007ffc08af0000 - 0x00007ffc08afa000 	C:\windows\SYSTEM32\VERSION.dll
0x00007ffc12620000 - 0x00007ffc1268f000 	C:\windows\System32\WS2_32.dll
0x00007ffc08da0000 - 0x00007ffc08dcd000 	C:\windows\SYSTEM32\WINMMBASE.dll
0x00007ffc10b30000 - 0x00007ffc10b7a000 	C:\windows\System32\cfgmgr32.dll
0x00007ffc10700000 - 0x00007ffc10711000 	C:\windows\System32\kernel.appcore.dll
0x00007ffc0a7a0000 - 0x00007ffc0a7b1000 	F:\JetBrains\IntelliJ IDEA 2019.2.2\jbr\bin\verify.dll
0x00007ffc0efd0000 - 0x00007ffc0f1c4000 	C:\windows\SYSTEM32\DBGHELP.DLL
0x00007ffbf5820000 - 0x00007ffbf584a000 	C:\windows\SYSTEM32\dbgcore.DLL
0x00007ffc029f0000 - 0x00007ffc02a19000 	F:\JetBrains\IntelliJ IDEA 2019.2.2\jbr\bin\java.dll
0x00007ffc067a0000 - 0x00007ffc067d4000 	F:\JetBrains\IntelliJ IDEA 2019.2.2\jbr\bin\instrument.dll
0x00007ffc09dd0000 - 0x00007ffc09de7000 	F:\JetBrains\IntelliJ IDEA 2019.2.2\jbr\bin\zip.dll
0x00007ffc0b240000 - 0x00007ffc0b24b000 	F:\JetBrains\IntelliJ IDEA 2019.2.2\jbr\bin\jimage.dll
0x00007ffc11af0000 - 0x00007ffc121d5000 	C:\windows\System32\SHELL32.dll
0x00007ffc12dc0000 - 0x00007ffc12e69000 	C:\windows\System32\shcore.dll
0x00007ffc11110000 - 0x00007ffc1188e000 	C:\windows\System32\windows.storage.dll
0x00007ffc106c0000 - 0x00007ffc106df000 	C:\windows\System32\profapi.dll
0x00007ffc10720000 - 0x00007ffc1076a000 	C:\windows\System32\powrprof.dll
0x00007ffc106b0000 - 0x00007ffc106c0000 	C:\windows\System32\UMPDC.dll
0x00007ffc12d60000 - 0x00007ffc12db2000 	C:\windows\System32\shlwapi.dll
0x00007ffc10b10000 - 0x00007ffc10b27000 	C:\windows\System32\cryptsp.dll

dbghelp: loaded successfully - version: 4.0.5 - missing functions: none
symbol engine: initialized successfully - sym options: 0x614 - pdb path: .;F:\JetBrains\IntelliJ IDEA 2019.2.2\jbr\bin;C:\windows\SYSTEM32;C:\windows\WinSxS\amd64_microsoft.windows.common-controls_6595b64144ccf1df_6.0.18362.476_none_e6c4b11b130f2595;F:\JetBrains\IntelliJ IDEA 2019.2.2\jbr\bin\server

VM Arguments:
jvm_args: -XX:TieredStopAtLevel=1 -Xverify:none -Dspring.output.ansi.enabled=always -Dcom.sun.management.jmxremote -Dspring.jmx.enabled=true -Dspring.liveBeansView.mbeanDomain -Dspring.application.admin.enabled=true -javaagent:F:\JetBrains\IntelliJ IDEA 2019.2.2\lib\idea_rt.jar=54336:F:\JetBrains\IntelliJ IDEA 2019.2.2\bin -Dfile.encoding=UTF-8 
java_command: com.jw.edge.EdgeApplication
java_class_path (initial): C:\Users\95666\IdeaProjects\edge-back-end\target\classes;C:\Users\95666\.m2\repository\org\springframework\boot\spring-boot-starter-data-mongodb\2.1.5.RELEASE\spring-boot-starter-data-mongodb-2.1.5.RELEASE.jar;C:\Users\95666\.m2\repository\org\springframework\boot\spring-boot-starter\2.1.5.RELEASE\spring-boot-starter-2.1.5.RELEASE.jar;C:\Users\95666\.m2\repository\org\springframework\boot\spring-boot\2.1.5.RELEASE\spring-boot-2.1.5.RELEASE.jar;C:\Users\95666\.m2\repository\org\springframework\boot\spring-boot-autoconfigure\2.1.5.RELEASE\spring-boot-autoconfigure-2.1.5.RELEASE.jar;C:\Users\95666\.m2\repository\org\springframework\boot\spring-boot-starter-logging\2.1.5.RELEASE\spring-boot-starter-logging-2.1.5.RELEASE.jar;C:\Users\95666\.m2\repository\ch\qos\logback\logback-classic\1.2.3\logback-classic-1.2.3.jar;C:\Users\95666\.m2\repository\ch\qos\logback\logback-core\1.2.3\logback-core-1.2.3.jar;C:\Users\95666\.m2\repository\org\apache\logging\log4j\log4j-to-slf4j\2.11.2\log4j-to-slf4j-2.11.2.jar;C:\Users\95666\.m2\repository\org\apache\logging\log4j\log4j-api\2.11.2\log4j-api-2.11.2.jar;C:\Users\95666\.m2\repository\org\slf4j\jul-to-slf4j\1.7.26\jul-to-slf4j-1.7.26.jar;C:\Users\95666\.m2\repository\javax\annotation\javax.annotation-api\1.3.2\javax.annotation-api-1.3.2.jar;C:\Users\95666\.m2\repository\org\springframework\data\spring-data-mongodb\2.1.8.RELEASE\spring-data-mongodb-2.1.8.RELEASE.jar;C:\Users\95666\.m2\repository\org\springframework\spring-tx\5.1.7.RELEASE\spring-tx-5.1.7.RELEASE.jar;C:\Users\95666\.m2\repository\org\springframework\spring-context\5.1.7.RELEASE\spring-context-5.1.7.RELEASE.jar;C:\Users\95666\.m2\repository\org\springframework\spring-beans\5.1.7.RELEASE\spring-beans-5.1.7.RELEASE.jar;C:\Users\95666\.m2\repository\org\springframework\spring-expression\5.1.7.RELEASE\spring-expression-5.1.7.RELEASE.jar;C:\Users\95666\.m2\repository\org\springframework\data\spring-data-commons\2.1.8.RELEASE\spring-data-commons-
Launcher Type: SUN_STANDARD

[Global flags]
     bool BytecodeVerificationLocal                = false                                     {product} {command line}
     bool BytecodeVerificationRemote               = false                                     {product} {command line}
     intx CICompilerCount                          = 4                                         {product} {ergonomic}
     uint ConcGCThreads                            = 2                                         {product} {ergonomic}
     uint G1ConcRefinementThreads                  = 8                                         {product} {ergonomic}
   size_t G1HeapRegionSize                         = 1048576                                   {product} {ergonomic}
    uintx GCDrainStackTargetSize                   = 64                                        {product} {ergonomic}
   size_t InitialHeapSize                          = 134217728                                 {product} {ergonomic}
     bool ManagementServer                         = true                                      {product} {command line}
   size_t MarkStackSize                            = 4194304                                   {product} {ergonomic}
   size_t MaxHeapSize                              = 2124414976                                {product} {ergonomic}
   size_t MaxNewSize                               = 1274019840                                {product} {ergonomic}
   size_t MinHeapDeltaBytes                        = 1048576                                   {product} {ergonomic}
    uintx NonNMethodCodeHeapSize                   = 7549744                                {pd product} {ergonomic}
    uintx NonProfiledCodeHeapSize                  = 244108496                              {pd product} {ergonomic}
    uintx ProfiledCodeHeapSize                     = 0                                      {pd product} {ergonomic}
    uintx ReservedCodeCacheSize                    = 251658240                              {pd product} {ergonomic}
     bool SegmentedCodeCache                       = true                                      {product} {ergonomic}
     intx TieredStopAtLevel                        = 1                                         {product} {command line}
     bool UseCompressedClassPointers               = true                                 {lp64_product} {ergonomic}
     bool UseCompressedOops                        = true                                 {lp64_product} {ergonomic}
     bool UseG1GC                                  = true                                      {product} {ergonomic}
     bool UseLargePagesIndividualAllocation        = false                                  {pd product} {ergonomic}

Logging:
Log output configuration:
 #0: stdout all=warning uptime,level,tags
 #1: stderr all=off uptime,level,tags

Environment Variables:
JAVA_HOME=F:\Java\jdk1.8.0_221
CLASSPATH=.;F:\Java\jdk1.8.0_221\lib\dt.jar;F:\Java\jdk1.8.0_221\lib\tools.jar;
PATH=C:\Users\95666\AppData\Local\Programs\Python\Python37-32\Scripts\;C:\Users\95666\AppData\Local\Programs\Python\Python37-32\;F:\Python37\Scripts\;F:\Python37\;C:\Program Files (x86)\Common Files\Oracle\Java\javapath;C:;F:\Java\jdk1.8.0_221\bin;F:\Java\jdk1.8.0_221\jre\bin;\Program Files (x86)\Intel\Intel(R) Management Engine Components\iCLS\;C:\Program Files\Intel\Intel(R) Management Engine Components\iCLS\;C:\windows\system32;C:\windows;C:\windows\System32\Wbem;C:\windows\System32\WindowsPowerShell\v1.0\;C:\Program Files (x86)\Intel\Intel(R) Management Engine Components\DAL;C:\Program Files\Intel\Intel(R) Management Engine Components\DAL;C:\Program Files (x86)\Intel\Intel(R) Management Engine Components\IPT;C:\Program Files\Intel\Intel(R) Management Engine Components\IPT;C:\windows\System32\OpenSSH\;c:\Program Files (x86)\Common Files\Ulead Systems\MPEG;C:\Program Files (x86)\QuickTime\QTSystem\;C:\Program Files\Microsoft VS Code\bin;E:\CTeX\UserData\miktex\bin;E:\CTeX\MiKTeX\miktex\bin;E:\CTeX\CTeX\ctex\bin;E:\CTeX\CTeX\cct\bin;E:\CTeX\CTeX\ty\bin;E:\CTeX\Ghostscript\gs9.05\bin;E:\CTeX\GSview\gsview;E:\CTeX\WinEdt;C:\Users\95666\AppData\Local\Programs\Python\Python37-32;C:\Users\95666\Anaconda3;C:\Users\95666\Anaconda3\Library\bin;C:\Users\95666\AppData\Local\Programs\Python\Python37-32\Scripts;F:\Anaconda3;F:\nodejs\;F:\Java\jdk1.8.0_201\bin;F:\Java\jdk1.8.0_201\jre\bin;F:\apache-maven-3.6.0\bin;F:\MATLAB\R2018b\bin;F:\Git\bin;F:\Anaconda3;F:\Anaconda3\Library\mingw-w64\bin;F:\Anaconda3\Library\usr\bin;F:\Anaconda3\Library\bin;F:\Anaconda3\Scripts;C:\Users\95666\AppData\Local\Microsoft\WindowsApps;F:\IntelliJ IDEA Community Edition 2019.1.3\bin;;C:\Users\95666\AppData\Roaming\npm;F:\Docker Toolbox;F:\JetBrains\IntelliJ IDEA 2019.2.2\bin;;F:\JetBrains\PyCharm 2019.2.2\bin;;
USERNAME=95666
OS=Windows_NT
PROCESSOR_IDENTIFIER=Intel64 Family 6 Model 142 Stepping 10, GenuineIntel



---------------  S Y S T E M  ---------------

OS: Windows 10 , 64 bit Build 18362 (10.0.18362.329)

CPU:total 8 (initial active 8) (4 cores per cpu, 2 threads per core) family 6 model 142 stepping 10, cmov, cx8, fxsr, mmx, sse, sse2, sse3, ssse3, sse4.1, sse4.2, popcnt, avx, avx2, aes, clmul, erms, 3dnowpref, lzcnt, ht, tsc, tscinvbit, bmi1, bmi2, adx, fma

Memory: 4k page, system-wide physical 8097M (397M free)
TotalPageFile size 14241M (AvailPageFile size 0M)
current process WorkingSet (physical memory assigned to process): 30M, peak: 30M
current process commit charge ("private bytes"): 199M, peak: 199M

vm_info: OpenJDK 64-Bit Server VM (11.0.4+10-b304.69) for windows-amd64 JRE (11.0.4+10-b304.69), built on Sep  9 2019 11:39:50 by "" with MS VC++ 14.0 (VS2015)

END.
